<?xml version="1.0" encoding="UTF-8" ?>
<testsuite failures="0" time="0.441" errors="0" skipped="0" tests="0" name="TestSuite">
  <properties>
    <property name="java.runtime.name" value="Java(TM) SE Runtime Environment"/>
    <property name="sun.boot.library.path" value="/usr/local/develop/jdk1.6.0_17/jre/lib/amd64"/>
    <property name="java.vm.version" value="14.3-b01"/>
    <property name="java.vm.vendor" value="Sun Microsystems Inc."/>
    <property name="java.vendor.url" value="http://java.sun.com/"/>
    <property name="path.separator" value=":"/>
    <property name="java.vm.name" value="Java HotSpot(TM) 64-Bit Server VM"/>
    <property name="file.encoding.pkg" value="sun.io"/>
    <property name="user.country" value="US"/>
    <property name="sun.java.launcher" value="SUN_STANDARD"/>
    <property name="sun.os.patch.level" value="unknown"/>
    <property name="java.vm.specification.name" value="Java Virtual Machine Specification"/>
    <property name="user.dir" value="/home/lucassus/Projects/XorProblem/xorproblem-neural-network"/>
    <property name="java.runtime.version" value="1.6.0_17-b04"/>
    <property name="java.awt.graphicsenv" value="sun.awt.X11GraphicsEnvironment"/>
    <property name="basedir" value="/home/lucassus/Projects/XorProblem/xorproblem-neural-network"/>
    <property name="java.endorsed.dirs" value="/usr/local/develop/jdk1.6.0_17/jre/lib/endorsed"/>
    <property name="os.arch" value="amd64"/>
    <property name="surefire.real.class.path" value="/tmp/surefirebooter6801425860368365051.jar"/>
    <property name="java.io.tmpdir" value="/tmp"/>
    <property name="line.separator" value="
"/>
    <property name="java.vm.specification.vendor" value="Sun Microsystems Inc."/>
    <property name="os.name" value="Linux"/>
    <property name="sun.jnu.encoding" value="UTF-8"/>
    <property name="java.library.path" value="/usr/local/develop/jdk1.6.0_17/jre/lib/amd64/server:/usr/local/develop/jdk1.6.0_17/jre/lib/amd64:/usr/local/develop/jdk1.6.0_17/jre/../lib/amd64:/usr/java/packages/lib/amd64:/lib:/usr/lib"/>
    <property name="surefire.test.class.path" value="/home/lucassus/Projects/XorProblem/xorproblem-neural-network/target/test-classes:/home/lucassus/Projects/XorProblem/xorproblem-neural-network/target/classes:/home/lucassus/.m2/repository/log4j/log4j/1.2.14/log4j-1.2.14.jar:/home/lucassus/.m2/repository/org/testng/testng/5.12.1/testng-5.12.1.jar:/home/lucassus/.m2/repository/junit/junit/3.8.1/junit-3.8.1.jar:/home/lucassus/.m2/repository/org/mockito/mockito-core/1.8.4/mockito-core-1.8.4.jar:/home/lucassus/.m2/repository/org/hamcrest/hamcrest-core/1.1/hamcrest-core-1.1.jar:/home/lucassus/.m2/repository/org/objenesis/objenesis/1.0/objenesis-1.0.jar:/home/lucassus/.m2/repository/org/mockito/mockito-all/1.8.4/mockito-all-1.8.4.jar:/home/lucassus/.m2/repository/org/swinglabs/swing-layout/1.0.3/swing-layout-1.0.3.jar:"/>
    <property name="java.specification.name" value="Java Platform API Specification"/>
    <property name="java.class.version" value="50.0"/>
    <property name="sun.management.compiler" value="HotSpot 64-Bit Server Compiler"/>
    <property name="os.version" value="2.6.31-20-generic"/>
    <property name="user.home" value="/home/lucassus"/>
    <property name="user.timezone" value="Poland"/>
    <property name="java.awt.printerjob" value="sun.print.PSPrinterJob"/>
    <property name="file.encoding" value="UTF-8"/>
    <property name="java.specification.version" value="1.6"/>
    <property name="user.name" value="lucassus"/>
    <property name="java.class.path" value="/home/lucassus/Projects/XorProblem/xorproblem-neural-network/target/test-classes:/home/lucassus/Projects/XorProblem/xorproblem-neural-network/target/classes:/home/lucassus/.m2/repository/log4j/log4j/1.2.14/log4j-1.2.14.jar:/home/lucassus/.m2/repository/org/testng/testng/5.12.1/testng-5.12.1.jar:/home/lucassus/.m2/repository/junit/junit/3.8.1/junit-3.8.1.jar:/home/lucassus/.m2/repository/org/mockito/mockito-core/1.8.4/mockito-core-1.8.4.jar:/home/lucassus/.m2/repository/org/hamcrest/hamcrest-core/1.1/hamcrest-core-1.1.jar:/home/lucassus/.m2/repository/org/objenesis/objenesis/1.0/objenesis-1.0.jar:/home/lucassus/.m2/repository/org/mockito/mockito-all/1.8.4/mockito-all-1.8.4.jar:/home/lucassus/.m2/repository/org/swinglabs/swing-layout/1.0.3/swing-layout-1.0.3.jar:"/>
    <property name="java.vm.specification.version" value="1.0"/>
    <property name="sun.arch.data.model" value="64"/>
    <property name="java.home" value="/usr/local/develop/jdk1.6.0_17/jre"/>
    <property name="java.specification.vendor" value="Sun Microsystems Inc."/>
    <property name="user.language" value="en"/>
    <property name="java.vm.info" value="mixed mode"/>
    <property name="java.version" value="1.6.0_17"/>
    <property name="java.ext.dirs" value="/usr/local/develop/jdk1.6.0_17/jre/lib/ext:/usr/java/packages/lib/ext"/>
    <property name="sun.boot.class.path" value="/usr/local/develop/jdk1.6.0_17/jre/lib/resources.jar:/usr/local/develop/jdk1.6.0_17/jre/lib/rt.jar:/usr/local/develop/jdk1.6.0_17/jre/lib/sunrsasign.jar:/usr/local/develop/jdk1.6.0_17/jre/lib/jsse.jar:/usr/local/develop/jdk1.6.0_17/jre/lib/jce.jar:/usr/local/develop/jdk1.6.0_17/jre/lib/charsets.jar:/usr/local/develop/jdk1.6.0_17/jre/classes"/>
    <property name="java.vendor" value="Sun Microsystems Inc."/>
    <property name="localRepository" value="/home/lucassus/.m2/repository"/>
    <property name="file.separator" value="/"/>
    <property name="java.vendor.url.bug" value="http://java.sun.com/cgi-bin/bugreport.cgi"/>
    <property name="sun.cpu.endian" value="little"/>
    <property name="sun.io.unicode.encoding" value="UnicodeLittle"/>
    <property name="sun.desktop" value="gnome"/>
    <property name="sun.cpu.isalist" value=""/>
  </properties>
</testsuite>